# JRE version: OpenJDK Runtime Environment Temurin-17.0.4.1+1 (17.0.4.1+1) (build 17.0.4.1+1)
# Java VM: OpenJDK 64-Bit Server VM Temurin-17.0.4.1+1 (17.0.4.1+1, mixed mode, tiered, compressed oops, compressed class ptrs, parallel gc, windows-amd64)
GC Precious Log:
 CPUs: 4 total, 4 available
 Memory: 16284M
 Large Page Support: Disabled
 NUMA Support: Disabled
 Compressed Oops: Enabled (32-bit)
 Alignments: Space 512K, Generation 512K, Heap 2M
 Heap Min Capacity: 100M
 Heap Initial Capacity: 100M
 Heap Max Capacity: 1G
 Pre-touch: Disabled
 Parallel Workers: 4
Heap:
 PSYoungGen      total 5632K, used 1044K [0x00000000eab00000, 0x00000000eb200000, 0x0000000100000000)
  eden space 4096K, 0% used [0x00000000eab00000,0x00000000eab00000,0x00000000eaf00000)
  from space 1536K, 68% used [0x00000000eb080000,0x00000000eb1853d0,0x00000000eb200000)
  to   space 1536K, 0% used [0x00000000eaf00000,0x00000000eaf00000,0x00000000eb080000)
 ParOldGen       total 146944K, used 146455K [0x00000000c0000000, 0x00000000c8f80000, 0x00000000eab00000)
  object space 146944K, 99% used [0x00000000c0000000,0x00000000c8f05c70,0x00000000c8f80000)
 Metaspace       used 80050K, committed 81152K, reserved 1122304K
  class space    used 9234K, committed 9664K, reserved 1048576K
GC Heap History (20 events):
Event: 541.924 GC heap after
{Heap after GC invocations=338 (full 10):
 PSYoungGen      total 4096K, used 715K [0x00000000eab00000, 0x00000000eb000000, 0x0000000100000000)
  eden space 3072K, 0% used [0x00000000eab00000,0x00000000eab00000,0x00000000eae00000)
  from space 1024K, 69% used [0x00000000eae00000,0x00000000eaeb2e90,0x00000000eaf00000)
  to   space 1024K, 0% used [0x00000000eaf00000,0x00000000eaf00000,0x00000000eb000000)
 ParOldGen       total 146944K, used 139388K [0x00000000c0000000, 0x00000000c8f80000, 0x00000000eab00000)
  object space 146944K, 94% used [0x00000000c0000000,0x00000000c881f1f8,0x00000000c8f80000)
 Metaspace       used 80050K, committed 81152K, reserved 1122304K
  class space    used 9234K, committed 9664K, reserved 1048576K
}
Event: 541.936 GC heap before
{Heap before GC invocations=339 (full 10):
 PSYoungGen      total 4096K, used 3787K [0x00000000eab00000, 0x00000000eb000000, 0x0000000100000000)
  eden space 3072K, 100% used [0x00000000eab00000,0x00000000eae00000,0x00000000eae00000)
  from space 1024K, 69% used [0x00000000eae00000,0x00000000eaeb2e90,0x00000000eaf00000)
  to   space 1024K, 0% used [0x00000000eaf00000,0x00000000eaf00000,0x00000000eb000000)
 ParOldGen       total 146944K, used 139388K [0x00000000c0000000, 0x00000000c8f80000, 0x00000000eab00000)
  object space 146944K, 94% used [0x00000000c0000000,0x00000000c881f1f8,0x00000000c8f80000)
 Metaspace       used 80050K, committed 81152K, reserved 1122304K
  class space    used 9234K, committed 9664K, reserved 1048576K
}
Event: 541.938 GC heap after
{Heap after GC invocations=339 (full 10):
 PSYoungGen      total 4096K, used 811K [0x00000000eab00000, 0x00000000eb000000, 0x0000000100000000)
  eden space 3072K, 0% used [0x00000000eab00000,0x00000000eab00000,0x00000000eae00000)
  from space 1024K, 79% used [0x00000000eaf00000,0x00000000eafcae70,0x00000000eb000000)
  to   space 1024K, 0% used [0x00000000eae00000,0x00000000eae00000,0x00000000eaf00000)
 ParOldGen       total 146944K, used 140053K [0x00000000c0000000, 0x00000000c8f80000, 0x00000000eab00000)
  object space 146944K, 95% used [0x00000000c0000000,0x00000000c88c5478,0x00000000c8f80000)
 Metaspace       used 80050K, committed 81152K, reserved 1122304K
  class space    used 9234K, committed 9664K, reserved 1048576K
}
Event: 541.946 GC heap before
{Heap before GC invocations=340 (full 10):
 PSYoungGen      total 4096K, used 3883K [0x00000000eab00000, 0x00000000eb000000, 0x0000000100000000)
  eden space 3072K, 100% used [0x00000000eab00000,0x00000000eae00000,0x00000000eae00000)
  from space 1024K, 79% used [0x00000000eaf00000,0x00000000eafcae70,0x00000000eb000000)
  to   space 1024K, 0% used [0x00000000eae00000,0x00000000eae00000,0x00000000eaf00000)
 ParOldGen       total 146944K, used 140053K [0x00000000c0000000, 0x00000000c8f80000, 0x00000000eab00000)
  object space 146944K, 95% used [0x00000000c0000000,0x00000000c88c5478,0x00000000c8f80000)
 Metaspace       used 80050K, committed 81152K, reserved 1122304K
  class space    used 9234K, committed 9664K, reserved 1048576K
}
Event: 541.948 GC heap after
{Heap after GC invocations=340 (full 10):
 PSYoungGen      total 4096K, used 696K [0x00000000eab00000, 0x00000000eb100000, 0x0000000100000000)
  eden space 3072K, 0% used [0x00000000eab00000,0x00000000eab00000,0x00000000eae00000)
  from space 1024K, 67% used [0x00000000eae00000,0x00000000eaeae090,0x00000000eaf00000)
  to   space 1024K, 0% used [0x00000000eb000000,0x00000000eb000000,0x00000000eb100000)
 ParOldGen       total 146944K, used 140750K [0x00000000c0000000, 0x00000000c8f80000, 0x00000000eab00000)
  object space 146944K, 95% used [0x00000000c0000000,0x00000000c8973988,0x00000000c8f80000)
 Metaspace       used 80050K, committed 81152K, reserved 1122304K
  class space    used 9234K, committed 9664K, reserved 1048576K
}
Event: 541.962 GC heap before
{Heap before GC invocations=341 (full 10):
 PSYoungGen      total 4096K, used 3768K [0x00000000eab00000, 0x00000000eb100000, 0x0000000100000000)
  eden space 3072K, 100% used [0x00000000eab00000,0x00000000eae00000,0x00000000eae00000)
  from space 1024K, 67% used [0x00000000eae00000,0x00000000eaeae090,0x00000000eaf00000)
  to   space 1024K, 0% used [0x00000000eb000000,0x00000000eb000000,0x00000000eb100000)
 ParOldGen       total 146944K, used 140750K [0x00000000c0000000, 0x00000000c8f80000, 0x00000000eab00000)
  object space 146944K, 95% used [0x00000000c0000000,0x00000000c8973988,0x00000000c8f80000)
 Metaspace       used 80050K, committed 81152K, reserved 1122304K
  class space    used 9234K, committed 9664K, reserved 1048576K
}
Event: 541.963 GC heap after
{Heap after GC invocations=341 (full 10):
 PSYoungGen      total 4096K, used 753K [0x00000000eab00000, 0x00000000eb100000, 0x0000000100000000)
  eden space 3072K, 0% used [0x00000000eab00000,0x00000000eab00000,0x00000000eae00000)
  from space 1024K, 73% used [0x00000000eb000000,0x00000000eb0bc4e0,0x00000000eb100000)
  to   space 1024K, 0% used [0x00000000eae00000,0x00000000eae00000,0x00000000eaf00000)
 ParOldGen       total 146944K, used 141445K [0x00000000c0000000, 0x00000000c8f80000, 0x00000000eab00000)
  object space 146944K, 96% used [0x00000000c0000000,0x00000000c8a21418,0x00000000c8f80000)
 Metaspace       used 80050K, committed 81152K, reserved 1122304K
  class space    used 9234K, committed 9664K, reserved 1048576K
}
Event: 541.971 GC heap before
{Heap before GC invocations=342 (full 10):
 PSYoungGen      total 4096K, used 3825K [0x00000000eab00000, 0x00000000eb100000, 0x0000000100000000)
  eden space 3072K, 100% used [0x00000000eab00000,0x00000000eae00000,0x00000000eae00000)
  from space 1024K, 73% used [0x00000000eb000000,0x00000000eb0bc4e0,0x00000000eb100000)
  to   space 1024K, 0% used [0x00000000eae00000,0x00000000eae00000,0x00000000eaf00000)
 ParOldGen       total 146944K, used 141445K [0x00000000c0000000, 0x00000000c8f80000, 0x00000000eab00000)
  object space 146944K, 96% used [0x00000000c0000000,0x00000000c8a21418,0x00000000c8f80000)
 Metaspace       used 80050K, committed 81152K, reserved 1122304K
  class space    used 9234K, committed 9664K, reserved 1048576K
}
Event: 541.972 GC heap after
{Heap after GC invocations=342 (full 10):
 PSYoungGen      total 4096K, used 768K [0x00000000eab00000, 0x00000000eb100000, 0x0000000100000000)
  eden space 3072K, 0% used [0x00000000eab00000,0x00000000eab00000,0x00000000eae00000)
  from space 1024K, 75% used [0x00000000eae00000,0x00000000eaec0000,0x00000000eaf00000)
  to   space 1024K, 0% used [0x00000000eb000000,0x00000000eb000000,0x00000000eb100000)
 ParOldGen       total 146944K, used 142081K [0x00000000c0000000, 0x00000000c8f80000, 0x00000000eab00000)
  object space 146944K, 96% used [0x00000000c0000000,0x00000000c8ac04b0,0x00000000c8f80000)
 Metaspace       used 80050K, committed 81152K, reserved 1122304K
  class space    used 9234K, committed 9664K, reserved 1048576K
}
Event: 541.980 GC heap before
{Heap before GC invocations=343 (full 10):
 PSYoungGen      total 4096K, used 3840K [0x00000000eab00000, 0x00000000eb100000, 0x0000000100000000)
  eden space 3072K, 100% used [0x00000000eab00000,0x00000000eae00000,0x00000000eae00000)
  from space 1024K, 75% used [0x00000000eae00000,0x00000000eaec0000,0x00000000eaf00000)
  to   space 1024K, 0% used [0x00000000eb000000,0x00000000eb000000,0x00000000eb100000)
 ParOldGen       total 146944K, used 142081K [0x00000000c0000000, 0x00000000c8f80000, 0x00000000eab00000)
  object space 146944K, 96% used [0x00000000c0000000,0x00000000c8ac04b0,0x00000000c8f80000)
 Metaspace       used 80050K, committed 81152K, reserved 1122304K
  class space    used 9234K, committed 9664K, reserved 1048576K
}
Event: 541.981 GC heap after
{Heap after GC invocations=343 (full 10):
 PSYoungGen      total 5120K, used 734K [0x00000000eab00000, 0x00000000eb100000, 0x0000000100000000)
  eden space 4096K, 0% used [0x00000000eab00000,0x00000000eab00000,0x00000000eaf00000)
  from space 1024K, 71% used [0x00000000eb000000,0x00000000eb0b78d0,0x00000000eb100000)
  to   space 1024K, 0% used [0x00000000eaf00000,0x00000000eaf00000,0x00000000eb000000)
 ParOldGen       total 146944K, used 142795K [0x00000000c0000000, 0x00000000c8f80000, 0x00000000eab00000)
  object space 146944K, 97% used [0x00000000c0000000,0x00000000c8b72fa0,0x00000000c8f80000)
 Metaspace       used 80050K, committed 81152K, reserved 1122304K
  class space    used 9234K, committed 9664K, reserved 1048576K
}
Event: 542.025 GC heap before
{Heap before GC invocations=344 (full 10):
 PSYoungGen      total 5120K, used 4830K [0x00000000eab00000, 0x00000000eb100000, 0x0000000100000000)
  eden space 4096K, 100% used [0x00000000eab00000,0x00000000eaf00000,0x00000000eaf00000)
  from space 1024K, 71% used [0x00000000eb000000,0x00000000eb0b78d0,0x00000000eb100000)
  to   space 1024K, 0% used [0x00000000eaf00000,0x00000000eaf00000,0x00000000eb000000)
 ParOldGen       total 146944K, used 142795K [0x00000000c0000000, 0x00000000c8f80000, 0x00000000eab00000)
  object space 146944K, 97% used [0x00000000c0000000,0x00000000c8b72fa0,0x00000000c8f80000)
 Metaspace       used 80050K, committed 81152K, reserved 1122304K
  class space    used 9234K, committed 9664K, reserved 1048576K
}
Event: 542.027 GC heap after
{Heap after GC invocations=344 (full 10):
 PSYoungGen      total 5120K, used 1001K [0x00000000eab00000, 0x00000000eb300000, 0x0000000100000000)
  eden space 4096K, 0% used [0x00000000eab00000,0x00000000eab00000,0x00000000eaf00000)
  from space 1024K, 97% used [0x00000000eaf00000,0x00000000eaffa790,0x00000000eb000000)
  to   space 2048K, 0% used [0x00000000eb100000,0x00000000eb100000,0x00000000eb300000)
 ParOldGen       total 146944K, used 143588K [0x00000000c0000000, 0x00000000c8f80000, 0x00000000eab00000)
  object space 146944K, 97% used [0x00000000c0000000,0x00000000c8c393d8,0x00000000c8f80000)
 Metaspace       used 80050K, committed 81152K, reserved 1122304K
  class space    used 9234K, committed 9664K, reserved 1048576K
}
Event: 542.038 GC heap before
{Heap before GC invocations=345 (full 10):
 PSYoungGen      total 5120K, used 5097K [0x00000000eab00000, 0x00000000eb300000, 0x0000000100000000)
  eden space 4096K, 100% used [0x00000000eab00000,0x00000000eaf00000,0x00000000eaf00000)
  from space 1024K, 97% used [0x00000000eaf00000,0x00000000eaffa790,0x00000000eb000000)
  to   space 2048K, 0% used [0x00000000eb100000,0x00000000eb100000,0x00000000eb300000)
 ParOldGen       total 146944K, used 143588K [0x00000000c0000000, 0x00000000c8f80000, 0x00000000eab00000)
  object space 146944K, 97% used [0x00000000c0000000,0x00000000c8c393d8,0x00000000c8f80000)
 Metaspace       used 80050K, committed 81152K, reserved 1122304K
  class space    used 9234K, committed 9664K, reserved 1048576K
}
Event: 542.040 GC heap after
{Heap after GC invocations=345 (full 10):
 PSYoungGen      total 5120K, used 974K [0x00000000eab00000, 0x00000000eb200000, 0x0000000100000000)
  eden space 4096K, 0% used [0x00000000eab00000,0x00000000eab00000,0x00000000eaf00000)
  from space 1024K, 95% used [0x00000000eb100000,0x00000000eb1f38e8,0x00000000eb200000)
  to   space 1536K, 0% used [0x00000000eaf00000,0x00000000eaf00000,0x00000000eb080000)
 ParOldGen       total 146944K, used 144582K [0x00000000c0000000, 0x00000000c8f80000, 0x00000000eab00000)
  object space 146944K, 98% used [0x00000000c0000000,0x00000000c8d31948,0x00000000c8f80000)
 Metaspace       used 80050K, committed 81152K, reserved 1122304K
  class space    used 9234K, committed 9664K, reserved 1048576K
}
Event: 542.054 GC heap before
{Heap before GC invocations=346 (full 10):
 PSYoungGen      total 5120K, used 5070K [0x00000000eab00000, 0x00000000eb200000, 0x0000000100000000)
  eden space 4096K, 100% used [0x00000000eab00000,0x00000000eaf00000,0x00000000eaf00000)
  from space 1024K, 95% used [0x00000000eb100000,0x00000000eb1f38e8,0x00000000eb200000)
  to   space 1536K, 0% used [0x00000000eaf00000,0x00000000eaf00000,0x00000000eb080000)
 ParOldGen       total 146944K, used 144582K [0x00000000c0000000, 0x00000000c8f80000, 0x00000000eab00000)
  object space 146944K, 98% used [0x00000000c0000000,0x00000000c8d31948,0x00000000c8f80000)
 Metaspace       used 80050K, committed 81152K, reserved 1122304K
  class space    used 9234K, committed 9664K, reserved 1048576K
}
Event: 542.055 GC heap after
{Heap after GC invocations=346 (full 10):
 PSYoungGen      total 5632K, used 984K [0x00000000eab00000, 0x00000000eb200000, 0x0000000100000000)
  eden space 4096K, 0% used [0x00000000eab00000,0x00000000eab00000,0x00000000eaf00000)
  from space 1536K, 64% used [0x00000000eaf00000,0x00000000eaff6378,0x00000000eb080000)
  to   space 1536K, 0% used [0x00000000eb080000,0x00000000eb080000,0x00000000eb200000)
 ParOldGen       total 146944K, used 145512K [0x00000000c0000000, 0x00000000c8f80000, 0x00000000eab00000)
  object space 146944K, 99% used [0x00000000c0000000,0x00000000c8e1a240,0x00000000c8f80000)
 Metaspace       used 80050K, committed 81152K, reserved 1122304K
  class space    used 9234K, committed 9664K, reserved 1048576K
}
Event: 542.062 GC heap before
{Heap before GC invocations=347 (full 10):
 PSYoungGen      total 5632K, used 5080K [0x00000000eab00000, 0x00000000eb200000, 0x0000000100000000)
  eden space 4096K, 100% used [0x00000000eab00000,0x00000000eaf00000,0x00000000eaf00000)
  from space 1536K, 64% used [0x00000000eaf00000,0x00000000eaff6378,0x00000000eb080000)
  to   space 1536K, 0% used [0x00000000eb080000,0x00000000eb080000,0x00000000eb200000)
 ParOldGen       total 146944K, used 145512K [0x00000000c0000000, 0x00000000c8f80000, 0x00000000eab00000)
  object space 146944K, 99% used [0x00000000c0000000,0x00000000c8e1a240,0x00000000c8f80000)
 Metaspace       used 80050K, committed 81152K, reserved 1122304K
  class space    used 9234K, committed 9664K, reserved 1048576K
}
Event: 542.064 GC heap after
{Heap after GC invocations=347 (full 10):
 PSYoungGen      total 5632K, used 1044K [0x00000000eab00000, 0x00000000eb200000, 0x0000000100000000)
  eden space 4096K, 0% used [0x00000000eab00000,0x00000000eab00000,0x00000000eaf00000)
  from space 1536K, 68% used [0x00000000eb080000,0x00000000eb1853d0,0x00000000eb200000)
  to   space 1536K, 0% used [0x00000000eaf00000,0x00000000eaf00000,0x00000000eb080000)
 ParOldGen       total 146944K, used 146455K [0x00000000c0000000, 0x00000000c8f80000, 0x00000000eab00000)
  object space 146944K, 99% used [0x00000000c0000000,0x00000000c8f05c70,0x00000000c8f80000)
 Metaspace       used 80050K, committed 81152K, reserved 1122304K
  class space    used 9234K, committed 9664K, reserved 1048576K
}
Event: 542.064 GC heap before
{Heap before GC invocations=348 (full 11):
 PSYoungGen      total 5632K, used 1044K [0x00000000eab00000, 0x00000000eb200000, 0x0000000100000000)
  eden space 4096K, 0% used [0x00000000eab00000,0x00000000eab00000,0x00000000eaf00000)
  from space 1536K, 68% used [0x00000000eb080000,0x00000000eb1853d0,0x00000000eb200000)
  to   space 1536K, 0% used [0x00000000eaf00000,0x00000000eaf00000,0x00000000eb080000)
 ParOldGen       total 146944K, used 146455K [0x00000000c0000000, 0x00000000c8f80000, 0x00000000eab00000)
  object space 146944K, 99% used [0x00000000c0000000,0x00000000c8f05c70,0x00000000c8f80000)
 Metaspace       used 80050K, committed 81152K, reserved 1122304K
  class space    used 9234K, committed 9664K, reserved 1048576K
}

